<?xml version="1.0" encoding="UTF-8"?>
<!-- Generated by org.testng.reporters.JUnitReportReporter -->
<testsuite skipped="0" hostname="DESKTOP-59F1KTV" name="com.nobrokerserach.test.HomepageSearch" tests="1" failures="0" timestamp="18 Oct 2020 22:05:53 GMT" time="41.130" errors="0">
  <testcase name="search" time="41.130" classname="com.nobrokerserach.test.HomepageSearch"/>
</testsuite> <!-- com.nobrokerserach.test.HomepageSearch -->
